<?xml version="1.0" encoding="UTF-8"?>
<!-- Generated by org.testng.reporters.JUnitXMLReporter -->
<testsuite ignored="0" hostname="Mangalas-MacBook-Pro.local" failures="1" tests="2" name="FirefoxTest" time="83.511" errors="0" timestamp="2025-06-10T17:01:48 IST">
  <testcase classname="io.cucumber.testng.AbstractTestNGCucumberTests" name="runScenario" time="40.208">
    <failure type="java.lang.NullPointerException" message="Cannot invoke &amp;quot;com.booking.page.ReservePage.isAt()&amp;quot; because &amp;quot;this.container.reservePage&amp;quot; is null">
      <![CDATA[java.lang.NullPointerException: Cannot invoke "com.booking.page.ReservePage.isAt()" because "this.container.reservePage" is null
at test.ReserveApartment.user_landed_in_reserve_page_user_selects_appartment_under_and_clicks_reserve(ReserveApartment.java:18)
at ✽.User landed in reserve page user selects 1 appartment under "Three-Bedroom Apartment" and clicks reserve(classpath:features/SearchBusByLocationWithDate.feature:8)
]]>
    </failure>
  </testcase> <!-- runScenario -->
  <testcase classname="io.cucumber.testng.AbstractTestNGCucumberTests" name="runScenario" time="42.762"/>
</testsuite> <!-- FirefoxTest -->
